<?xml version="1.0" encoding="UTF-8"?>
<testsuite xmlns:xsi="http://www.w3.org/2001/XMLSchema-instance" xsi:noNamespaceSchemaLocation="https://maven.apache.org/surefire/maven-surefire-plugin/xsd/surefire-test-report.xsd" name="com.it_academy.tests.onliner.SushiVeslaNavigationOfTypeRollsTest" time="6.236" tests="1" errors="0" skipped="0" failures="0">
  <properties>
[...]
</properties>
  <testcase name="testUserIsChooseRolls" classname="com.it_academy.tests.onliner.SushiVeslaNavigationOfTypeRollsTest" time="6.22"/>
</testsuite>